0 info it worked if it ends with ok
1 verbose cli [ 'E:\\node\\\\node.exe',
1 verbose cli   'E:\\node\\node_modules\\npm\\bin\\npm-cli.js',
1 verbose cli   'publish' ]
2 info using npm@2.0.0-beta.0
3 info using node@v0.10.26
4 verbose node symlink E:\node\\node.exe
5 verbose publish [ '.' ]
6 verbose cache add [ '.', null ]
7 verbose cache add spec="." args=[".",null]
8 verbose cache add local package Z:\git\grunt-varJs
9 silly lockFile 3a52ce78- .
10 verbose lock . C:\Users\bo01.cheng\AppData\Roaming\npm-cache\3a52ce78-.lock
11 verbose tar pack [ 'C:\\Users\\bo01.cheng\\AppData\\Roaming\\npm-cache\\grunt-varJs\\0.0.1\\package.tgz',
11 verbose tar pack   '.' ]
12 verbose tarball C:\Users\bo01.cheng\AppData\Roaming\npm-cache\grunt-varJs\0.0.1\package.tgz
13 verbose folder .
14 info prepublish grunt-varJs@0.0.1
15 silly lockFile 1f1177db-tar tar://.
16 verbose lock tar://. C:\Users\bo01.cheng\AppData\Roaming\npm-cache\1f1177db-tar.lock
17 silly lockFile 27ce39c0-he-grunt-varJs-0-0-1-package-tgz tar://C:\Users\bo01.cheng\AppData\Roaming\npm-cache\grunt-varJs\0.0.1\package.tgz
18 verbose lock tar://C:\Users\bo01.cheng\AppData\Roaming\npm-cache\grunt-varJs\0.0.1\package.tgz C:\Users\bo01.cheng\AppData\Roaming\npm-cache\27ce39c0-he-grunt-varJs-0-0-1-package-tgz.lock
19 silly lockFile 1f1177db-tar tar://.
20 silly lockFile 1f1177db-tar tar://.
21 silly lockFile 27ce39c0-he-grunt-varJs-0-0-1-package-tgz tar://C:\Users\bo01.cheng\AppData\Roaming\npm-cache\grunt-varJs\0.0.1\package.tgz
22 silly lockFile 27ce39c0-he-grunt-varJs-0-0-1-package-tgz tar://C:\Users\bo01.cheng\AppData\Roaming\npm-cache\grunt-varJs\0.0.1\package.tgz
23 silly lockFile d4a9d781--cache-grunt-varJs-0-0-1-package C:\Users\bo01.cheng\AppData\Roaming\npm-cache\grunt-varJs\0.0.1\package
24 verbose lock C:\Users\bo01.cheng\AppData\Roaming\npm-cache\grunt-varJs\0.0.1\package C:\Users\bo01.cheng\AppData\Roaming\npm-cache\d4a9d781--cache-grunt-varJs-0-0-1-package.lock
25 silly lockFile d4a9d781--cache-grunt-varJs-0-0-1-package C:\Users\bo01.cheng\AppData\Roaming\npm-cache\grunt-varJs\0.0.1\package
26 silly lockFile d4a9d781--cache-grunt-varJs-0-0-1-package C:\Users\bo01.cheng\AppData\Roaming\npm-cache\grunt-varJs\0.0.1\package
27 silly lockFile 3a52ce78- .
28 silly lockFile 3a52ce78- .
29 silly publish { name: 'grunt-varJs',
29 silly publish   description: 'declarant variant in js file',
29 silly publish   version: '0.0.1',
29 silly publish   homepage: 'https://github.com/nihaox1/grunt-varJs',
29 silly publish   author: { name: 'Bo.Cheng' },
29 silly publish   repository: { type: 'git', url: 'https://github.com/nihaox1/grunt-varJs' },
29 silly publish   bugs: { url: 'https://github.com/nihaox1/grunt-varJs/issues' },
29 silly publish   engines: { node: '>= 0.10.0' },
29 silly publish   dependencies: { grunt: '^0.4.0' },
29 silly publish   gitHead: 'c5d298ee6e18f2f3374ad8cf6621c4e13af19765',
29 silly publish   readme: '#grunt-varJs\r\n\r\n```\r\ngrunt.initConfig({\r\n        varJs   : {\r\n            fileone   : {\r\n                output  : "/lib/config.js",\r\n                vars    : {\r\n                    version     : true,\r\n                    name        : true,\r\n                    age         : 18\r\n                }\r\n            },\r\n            filetwo   : {\r\n                output  : "/lib/configOther.js",\r\n                vars    : {\r\n                    ver             : true,\r\n                    fav             : true,\r\n                    other           : {\r\n                        friends     : [\r\n                            { name : true , age : 20 },\r\n                            { name : true , age : 21 },\r\n                            { name : true , age : 22 }\r\n                        ]\r\n                    }\r\n                }\r\n            }\r\n        }\r\n    });\r\n```\r\n\r\n#options\r\n\r\n###output\r\nthe js file output file\r\n\r\n###vars\r\nthe variant you want to insert into js file\r\nit should be a json\r\nthe value is true means replace to a md5 value',
29 silly publish   readmeFilename: 'README.md',
29 silly publish   _id: 'grunt-varJs@0.0.1',
29 silly publish   scripts: {},
29 silly publish   _shasum: 'f14180a81a1513ba4e14b67ffb059cbbea4203cf',
29 silly publish   _from: '.' }
30 verbose mapToRegistry name grunt-varJs
31 verbose mapToRegistry uri https://registry.npmjs.org/grunt-varJs
32 verbose publish registryBase https://registry.npmjs.org/
33 error Error: Invalid name: "grunt-varJs"
33 error     at ensureValidName (E:\node\node_modules\npm\node_modules\normalize-package-data\lib\fixer.js:315:15)
33 error     at module.exports.fixNameField (E:\node\node_modules\npm\node_modules\normalize-package-data\lib\fixer.js:204:5)
33 error     at RegClient.publish (E:\node\node_modules\npm\node_modules\npm-registry-client\lib\publish.js:23:5)
33 error     at E:\node\node_modules\npm\lib\publish.js:113:14
33 error     at mapToRegistry (E:\node\node_modules\npm\lib\utils\map-to-registry.js:53:3)
33 error     at publish_ (E:\node\node_modules\npm\lib\publish.js:101:3)
33 error     at Array.1 (E:\node\node_modules\npm\node_modules\slide\lib\bind-actor.js:15:8)
33 error     at LOOP (E:\node\node_modules\npm\node_modules\slide\lib\chain.js:15:14)
33 error     at LOOP (E:\node\node_modules\npm\node_modules\slide\lib\chain.js:14:28)
33 error     at chain (E:\node\node_modules\npm\node_modules\slide\lib\chain.js:20:5)
34 error If you need help, you may report this *entire* log,
34 error including the npm and node versions, at:
34 error     <http://github.com/npm/npm/issues>
35 error System Windows_NT 6.1.7601
36 error command "E:\\node\\\\node.exe" "E:\\node\\node_modules\\npm\\bin\\npm-cli.js" "publish"
37 error cwd Z:\git\grunt-varJs
38 error node -v v0.10.26
39 error npm -v 2.0.0-beta.0
40 verbose exit [ 1, true ]
